Traceback (most recent call last):
  File "/Users/yewang/miniforge3/lib/python3.10/site-packages/jupyter_cache/executors/utils.py", line 58, in single_nb_execution
    executenb(
  File "/Users/yewang/miniforge3/lib/python3.10/site-packages/nbclient/client.py", line 1314, in execute
    return NotebookClient(nb=nb, resources=resources, km=km, **kwargs).execute()
  File "/Users/yewang/miniforge3/lib/python3.10/site-packages/jupyter_core/utils/__init__.py", line 165, in wrapped
    return loop.run_until_complete(inner)
  File "/Users/yewang/miniforge3/lib/python3.10/asyncio/base_events.py", line 649, in run_until_complete
    return future.result()
  File "/Users/yewang/miniforge3/lib/python3.10/site-packages/nbclient/client.py", line 709, in async_execute
    await self.async_execute_cell(
  File "/Users/yewang/miniforge3/lib/python3.10/site-packages/nbclient/client.py", line 1062, in async_execute_cell
    await self._check_raise_for_error(cell, cell_index, exec_reply)
  File "/Users/yewang/miniforge3/lib/python3.10/site-packages/nbclient/client.py", line 918, in _check_raise_for_error
    raise CellExecutionError.from_cell_and_msg(cell, exec_reply_content)
nbclient.exceptions.CellExecutionError: An error occurred while executing the following cell:
------------------
from skopt import gp_minimize

# å®šä¹‰ä¼˜åŒ–ç›®æ ‡å‡½æ•°
def f(x):
    return (x - 2)**2

# æ‰§è¡Œè´å¶æ–¯ä¼˜åŒ–
res = gp_minimize(f, [(-5.0, 5.0)], n_calls=20, random_state=0)

# è¾“å‡ºæœ€ä¼˜è§£å’Œæœ€å°ç›®æ ‡å‡½æ•°å€¼
print(f'æœ€ä¼˜è§£: {res.x}')
print(f'æœ€å°ç›®æ ‡å‡½æ•°å€¼: {res.fun}')
------------------


[0;31m---------------------------------------------------------------------------[0m
[0;31mTypeError[0m                                 Traceback (most recent call last)
Cell [0;32mIn[2], line 8[0m
[1;32m      5[0m     [38;5;28;01mreturn[39;00m (x [38;5;241m-[39m [38;5;241m2[39m)[38;5;241m*[39m[38;5;241m*[39m[38;5;241m2[39m
[1;32m      7[0m [38;5;66;03m# æ‰§è¡Œè´å¶æ–¯ä¼˜åŒ–[39;00m
[0;32m----> 8[0m res [38;5;241m=[39m [43mgp_minimize[49m[43m([49m[43mf[49m[43m,[49m[43m [49m[43m[[49m[43m([49m[38;5;241;43m-[39;49m[38;5;241;43m5.0[39;49m[43m,[49m[43m [49m[38;5;241;43m5.0[39;49m[43m)[49m[43m][49m[43m,[49m[43m [49m[43mn_calls[49m[38;5;241;43m=[39;49m[38;5;241;43m20[39;49m[43m,[49m[43m [49m[43mrandom_state[49m[38;5;241;43m=[39;49m[38;5;241;43m0[39;49m[43m)[49m
[1;32m     10[0m [38;5;66;03m# è¾“å‡ºæœ€ä¼˜è§£å’Œæœ€å°ç›®æ ‡å‡½æ•°å€¼[39;00m
[1;32m     11[0m [38;5;28mprint[39m([38;5;124mf[39m[38;5;124m'[39m[38;5;124mæœ€ä¼˜è§£: [39m[38;5;132;01m{[39;00mres[38;5;241m.[39mx[38;5;132;01m}[39;00m[38;5;124m'[39m)

File [0;32m~/miniforge3/lib/python3.10/site-packages/skopt/optimizer/gp.py:281[0m, in [0;36mgp_minimize[0;34m(func, dimensions, base_estimator, n_calls, n_random_starts, n_initial_points, initial_point_generator, acq_func, acq_optimizer, x0, y0, random_state, verbose, callback, n_points, n_restarts_optimizer, xi, kappa, noise, n_jobs, model_queue_size, space_constraint)[0m
[1;32m    273[0m [38;5;28;01mif[39;00m base_estimator [38;5;129;01mis[39;00m [38;5;28;01mNone[39;00m:
[1;32m    274[0m     base_estimator [38;5;241m=[39m cook_estimator(
[1;32m    275[0m         [38;5;124m"[39m[38;5;124mGP[39m[38;5;124m"[39m,
[1;32m    276[0m         space[38;5;241m=[39mspace,
[1;32m    277[0m         random_state[38;5;241m=[39mrng[38;5;241m.[39mrandint([38;5;241m0[39m, np[38;5;241m.[39miinfo(np[38;5;241m.[39mint32)[38;5;241m.[39mmax),
[1;32m    278[0m         noise[38;5;241m=[39mnoise,
[1;32m    279[0m     )
[0;32m--> 281[0m [38;5;28;01mreturn[39;00m [43mbase_minimize[49m[43m([49m
[1;32m    282[0m [43m    [49m[43mfunc[49m[43m,[49m
[1;32m    283[0m [43m    [49m[43mspace[49m[43m,[49m
[1;32m    284[0m [43m    [49m[43mbase_estimator[49m[38;5;241;43m=[39;49m[43mbase_estimator[49m[43m,[49m
[1;32m    285[0m [43m    [49m[43macq_func[49m[38;5;241;43m=[39;49m[43macq_func[49m[43m,[49m
[1;32m    286[0m [43m    [49m[43mxi[49m[38;5;241;43m=[39;49m[43mxi[49m[43m,[49m
[1;32m    287[0m [43m    [49m[43mkappa[49m[38;5;241;43m=[39;49m[43mkappa[49m[43m,[49m
[1;32m    288[0m [43m    [49m[43macq_optimizer[49m[38;5;241;43m=[39;49m[43macq_optimizer[49m[43m,[49m
[1;32m    289[0m [43m    [49m[43mn_calls[49m[38;5;241;43m=[39;49m[43mn_calls[49m[43m,[49m
[1;32m    290[0m [43m    [49m[43mn_points[49m[38;5;241;43m=[39;49m[43mn_points[49m[43m,[49m
[1;32m    291[0m [43m    [49m[43mn_random_starts[49m[38;5;241;43m=[39;49m[43mn_random_starts[49m[43m,[49m
[1;32m    292[0m [43m    [49m[43mn_initial_points[49m[38;5;241;43m=[39;49m[43mn_initial_points[49m[43m,[49m
[1;32m    293[0m [43m    [49m[43minitial_point_generator[49m[38;5;241;43m=[39;49m[43minitial_point_generator[49m[43m,[49m
[1;32m    294[0m [43m    [49m[43mn_restarts_optimizer[49m[38;5;241;43m=[39;49m[43mn_restarts_optimizer[49m[43m,[49m
[1;32m    295[0m [43m    [49m[43mx0[49m[38;5;241;43m=[39;49m[43mx0[49m[43m,[49m
[1;32m    296[0m [43m    [49m[43my0[49m[38;5;241;43m=[39;49m[43my0[49m[43m,[49m
[1;32m    297[0m [43m    [49m[43mrandom_state[49m[38;5;241;43m=[39;49m[43mrng[49m[43m,[49m
[1;32m    298[0m [43m    [49m[43mverbose[49m[38;5;241;43m=[39;49m[43mverbose[49m[43m,[49m
[1;32m    299[0m [43m    [49m[43mspace_constraint[49m[38;5;241;43m=[39;49m[43mspace_constraint[49m[43m,[49m
[1;32m    300[0m [43m    [49m[43mcallback[49m[38;5;241;43m=[39;49m[43mcallback[49m[43m,[49m
[1;32m    301[0m [43m    [49m[43mn_jobs[49m[38;5;241;43m=[39;49m[43mn_jobs[49m[43m,[49m
[1;32m    302[0m [43m    [49m[43mmodel_queue_size[49m[38;5;241;43m=[39;49m[43mmodel_queue_size[49m[43m,[49m
[1;32m    303[0m [43m[49m[43m)[49m

File [0;32m~/miniforge3/lib/python3.10/site-packages/skopt/optimizer/base.py:332[0m, in [0;36mbase_minimize[0;34m(func, dimensions, base_estimator, n_calls, n_random_starts, n_initial_points, initial_point_generator, acq_func, acq_optimizer, x0, y0, random_state, verbose, callback, n_points, n_restarts_optimizer, xi, kappa, n_jobs, model_queue_size, space_constraint)[0m
[1;32m    330[0m [38;5;28;01mfor[39;00m _ [38;5;129;01min[39;00m [38;5;28mrange[39m(n_calls):
[1;32m    331[0m     next_x [38;5;241m=[39m optimizer[38;5;241m.[39mask()
[0;32m--> 332[0m     next_y [38;5;241m=[39m [43mfunc[49m[43m([49m[43mnext_x[49m[43m)[49m
[1;32m    333[0m     result [38;5;241m=[39m optimizer[38;5;241m.[39mtell(next_x, next_y)
[1;32m    334[0m     result[38;5;241m.[39mspecs [38;5;241m=[39m specs

Cell [0;32mIn[2], line 5[0m, in [0;36mf[0;34m(x)[0m
[1;32m      4[0m [38;5;28;01mdef[39;00m [38;5;21mf[39m(x):
[0;32m----> 5[0m     [38;5;28;01mreturn[39;00m ([43mx[49m[43m [49m[38;5;241;43m-[39;49m[43m [49m[38;5;241;43m2[39;49m)[38;5;241m*[39m[38;5;241m*[39m[38;5;241m2[39m

[0;31mTypeError[0m: unsupported operand type(s) for -: 'list' and 'int'

