Traceback (most recent call last):
  File "/Users/yewang/miniforge3/lib/python3.10/site-packages/jupyter_cache/executors/utils.py", line 58, in single_nb_execution
    executenb(
  File "/Users/yewang/miniforge3/lib/python3.10/site-packages/nbclient/client.py", line 1314, in execute
    return NotebookClient(nb=nb, resources=resources, km=km, **kwargs).execute()
  File "/Users/yewang/miniforge3/lib/python3.10/site-packages/jupyter_core/utils/__init__.py", line 165, in wrapped
    return loop.run_until_complete(inner)
  File "/Users/yewang/miniforge3/lib/python3.10/asyncio/base_events.py", line 649, in run_until_complete
    return future.result()
  File "/Users/yewang/miniforge3/lib/python3.10/site-packages/nbclient/client.py", line 709, in async_execute
    await self.async_execute_cell(
  File "/Users/yewang/miniforge3/lib/python3.10/site-packages/nbclient/client.py", line 1062, in async_execute_cell
    await self._check_raise_for_error(cell, cell_index, exec_reply)
  File "/Users/yewang/miniforge3/lib/python3.10/site-packages/nbclient/client.py", line 918, in _check_raise_for_error
    raise CellExecutionError.from_cell_and_msg(cell, exec_reply_content)
nbclient.exceptions.CellExecutionError: An error occurred while executing the following cell:
------------------
from skopt import BayesSearchCV

# å®šä¹‰è´å¶æ–¯ä¼˜åŒ–çš„æœç´¢ç©ºé—´
search_spaces = {
    'n_estimators': (50, 200),
    'max_depth': (10, 30),
    'min_samples_split': (2, 10)
}

# è¿›è¡Œè´å¶æ–¯ä¼˜åŒ–
bayes_search = BayesSearchCV(estimator=rf, search_spaces=search_spaces, n_iter=10, cv=5, scoring='accuracy', random_state=42)
bayes_search.fit(X, y)

# è¾“å‡ºæœ€ä¼˜å‚æ•°å’Œæœ€ä¼˜å‡†ç¡®ç‡
print(f'æœ€ä¼˜å‚æ•°: {bayes_search.best_params_}')
print(f'æœ€ä¼˜å‡†ç¡®ç‡: {bayes_search.best_score_:.2f}')
------------------


[0;31m---------------------------------------------------------------------------[0m
[0;31mNameError[0m                                 Traceback (most recent call last)
Cell [0;32mIn[3], line 11[0m
[1;32m      4[0m search_spaces [38;5;241m=[39m {
[1;32m      5[0m     [38;5;124m'[39m[38;5;124mn_estimators[39m[38;5;124m'[39m: ([38;5;241m50[39m, [38;5;241m200[39m),
[1;32m      6[0m     [38;5;124m'[39m[38;5;124mmax_depth[39m[38;5;124m'[39m: ([38;5;241m10[39m, [38;5;241m30[39m),
[1;32m      7[0m     [38;5;124m'[39m[38;5;124mmin_samples_split[39m[38;5;124m'[39m: ([38;5;241m2[39m, [38;5;241m10[39m)
[1;32m      8[0m }
[1;32m     10[0m [38;5;66;03m# è¿›è¡Œè´å¶æ–¯ä¼˜åŒ–[39;00m
[0;32m---> 11[0m bayes_search [38;5;241m=[39m BayesSearchCV(estimator[38;5;241m=[39m[43mrf[49m, search_spaces[38;5;241m=[39msearch_spaces, n_iter[38;5;241m=[39m[38;5;241m10[39m, cv[38;5;241m=[39m[38;5;241m5[39m, scoring[38;5;241m=[39m[38;5;124m'[39m[38;5;124maccuracy[39m[38;5;124m'[39m, random_state[38;5;241m=[39m[38;5;241m42[39m)
[1;32m     12[0m bayes_search[38;5;241m.[39mfit(X, y)
[1;32m     14[0m [38;5;66;03m# è¾“å‡ºæœ€ä¼˜å‚æ•°å’Œæœ€ä¼˜å‡†ç¡®ç‡[39;00m

[0;31mNameError[0m: name 'rf' is not defined

