Traceback (most recent call last):
  File "/Users/yewang/.local/pipx/venvs/jupyter-book/lib/python3.9/site-packages/jupyter_cache/executors/utils.py", line 58, in single_nb_execution
    executenb(
  File "/Users/yewang/.local/pipx/venvs/jupyter-book/lib/python3.9/site-packages/nbclient/client.py", line 1314, in execute
    return NotebookClient(nb=nb, resources=resources, km=km, **kwargs).execute()
  File "/Users/yewang/.local/pipx/venvs/jupyter-book/lib/python3.9/site-packages/jupyter_core/utils/__init__.py", line 165, in wrapped
    return loop.run_until_complete(inner)
  File "/Users/yewang/.pyenv/versions/3.9.15/lib/python3.9/asyncio/base_events.py", line 647, in run_until_complete
    return future.result()
  File "/Users/yewang/.local/pipx/venvs/jupyter-book/lib/python3.9/site-packages/nbclient/client.py", line 709, in async_execute
    await self.async_execute_cell(
  File "/Users/yewang/.local/pipx/venvs/jupyter-book/lib/python3.9/site-packages/nbclient/client.py", line 1062, in async_execute_cell
    await self._check_raise_for_error(cell, cell_index, exec_reply)
  File "/Users/yewang/.local/pipx/venvs/jupyter-book/lib/python3.9/site-packages/nbclient/client.py", line 918, in _check_raise_for_error
    raise CellExecutionError.from_cell_and_msg(cell, exec_reply_content)
nbclient.exceptions.CellExecutionError: An error occurred while executing the following cell:
------------------
import numpy as np
import matplotlib.pyplot as plt

# è®¾ç½®å­—ä½“å’Œè§£å†³è´Ÿå·æ˜¾ç¤ºé—®é¢˜
plt.rcParams['font.sans-serif'] = 'Hiragino Sans GB'
plt.rcParams['axes.unicode_minus'] = False

# å®šä¹‰æŸå¤±å‡½æ•°
def loss_function(w):
    return w**2 + 4*w + 4

# å®šä¹‰æ¢¯åº¦
def gradient(w):
    return 2*w + 4

# éšæœºæ¢¯åº¦ä¸‹é™
w = 10  # åˆå§‹å€¼
learning_rate = 0.1
iterations = 20
w_values = [w]
loss_values = [loss_function(w)]
for i in range(iterations):
    w -= learning_rate * gradient(w)
    w_values.append(w)
    loss_values.append(loss_function(w))

# ç»˜åˆ¶æŸå¤±å‡½æ•°å’Œéšæœºæ¢¯åº¦ä¸‹é™è¿‡ç¨‹
plt.figure(figsize=(10, 5))
plt.plot(w_values, loss_values, 'o-', label='éšæœºæ¢¯åº¦ä¸‹é™')
plt.xlabel('å‚æ•° w')
plt.ylabel('æŸå¤±å‡½æ•°å€¼')
plt.title('éšæœºæ¢¯åº¦ä¸‹é™è¿‡ç¨‹')
plt.legend()
plt.show()
------------------


[0;31m---------------------------------------------------------------------------[0m
[0;31mModuleNotFoundError[0m                       Traceback (most recent call last)
Cell [0;32mIn[1], line 1[0m
[0;32m----> 1[0m [38;5;28;01mimport[39;00m [38;5;21;01mnumpy[39;00m [38;5;28;01mas[39;00m [38;5;21;01mnp[39;00m
[1;32m      2[0m [38;5;28;01mimport[39;00m [38;5;21;01mmatplotlib[39;00m[38;5;21;01m.[39;00m[38;5;21;01mpyplot[39;00m [38;5;28;01mas[39;00m [38;5;21;01mplt[39;00m
[1;32m      4[0m [38;5;66;03m# è®¾ç½®å­—ä½“å’Œè§£å†³è´Ÿå·æ˜¾ç¤ºé—®é¢˜[39;00m

[0;31mModuleNotFoundError[0m: No module named 'numpy'

