Traceback (most recent call last):
  File "/Users/yewang/.local/pipx/venvs/jupyter-book/lib/python3.9/site-packages/jupyter_cache/executors/utils.py", line 58, in single_nb_execution
    executenb(
  File "/Users/yewang/.local/pipx/venvs/jupyter-book/lib/python3.9/site-packages/nbclient/client.py", line 1314, in execute
    return NotebookClient(nb=nb, resources=resources, km=km, **kwargs).execute()
  File "/Users/yewang/.local/pipx/venvs/jupyter-book/lib/python3.9/site-packages/jupyter_core/utils/__init__.py", line 165, in wrapped
    return loop.run_until_complete(inner)
  File "/Users/yewang/.pyenv/versions/3.9.15/lib/python3.9/asyncio/base_events.py", line 647, in run_until_complete
    return future.result()
  File "/Users/yewang/.local/pipx/venvs/jupyter-book/lib/python3.9/site-packages/nbclient/client.py", line 709, in async_execute
    await self.async_execute_cell(
  File "/Users/yewang/.local/pipx/venvs/jupyter-book/lib/python3.9/site-packages/nbclient/client.py", line 1062, in async_execute_cell
    await self._check_raise_for_error(cell, cell_index, exec_reply)
  File "/Users/yewang/.local/pipx/venvs/jupyter-book/lib/python3.9/site-packages/nbclient/client.py", line 918, in _check_raise_for_error
    raise CellExecutionError.from_cell_and_msg(cell, exec_reply_content)
nbclient.exceptions.CellExecutionError: An error occurred while executing the following cell:
------------------
import numpy as np
import matplotlib.pyplot as plt
from sklearn.ensemble import BaggingClassifier
from sklearn.tree import DecisionTreeClassifier
from sklearn.datasets import make_classification
from sklearn.model_selection import train_test_split
from sklearn.metrics import accuracy_score

# è®¾ç½®å­—ä½“å’Œè§£å†³è´Ÿå·æ˜¾ç¤ºé—®é¢˜
plt.rcParams['font.sans-serif'] = 'Hiragino Sans GB'
plt.rcParams['axes.unicode_minus'] = False

# ç”Ÿæˆç¤ºä¾‹æ•°æ®
X, y = make_classification(n_samples=1000, n_features=20, random_state=42)
X_train, X_test, y_train, y_test = train_test_split(X, y, test_size=0.3, random_state=42)

# æ‹ŸåˆBaggingæ¨¡åž‹
bagging = BaggingClassifier(estimator=DecisionTreeClassifier(), n_estimators=100, random_state=42)
bagging.fit(X_train, y_train)

# é¢„æµ‹å¹¶è®¡ç®—å‡†ç¡®çŽ‡
y_pred = bagging.predict(X_test)
accuracy = accuracy_score(y_test, y_pred)
print(f'Baggingæ¨¡åž‹çš„å‡†ç¡®çŽ‡: {accuracy:.2f}')

------------------


[0;31m---------------------------------------------------------------------------[0m
[0;31mModuleNotFoundError[0m                       Traceback (most recent call last)
Cell [0;32mIn[1], line 1[0m
[0;32m----> 1[0m [38;5;28;01mimport[39;00m [38;5;21;01mnumpy[39;00m [38;5;28;01mas[39;00m [38;5;21;01mnp[39;00m
[1;32m      2[0m [38;5;28;01mimport[39;00m [38;5;21;01mmatplotlib[39;00m[38;5;21;01m.[39;00m[38;5;21;01mpyplot[39;00m [38;5;28;01mas[39;00m [38;5;21;01mplt[39;00m
[1;32m      3[0m [38;5;28;01mfrom[39;00m [38;5;21;01msklearn[39;00m[38;5;21;01m.[39;00m[38;5;21;01mensemble[39;00m [38;5;28;01mimport[39;00m BaggingClassifier

[0;31mModuleNotFoundError[0m: No module named 'numpy'

