Traceback (most recent call last):
  File "/Users/yewang/miniforge3/lib/python3.10/site-packages/jupyter_cache/executors/utils.py", line 58, in single_nb_execution
    executenb(
  File "/Users/yewang/miniforge3/lib/python3.10/site-packages/nbclient/client.py", line 1314, in execute
    return NotebookClient(nb=nb, resources=resources, km=km, **kwargs).execute()
  File "/Users/yewang/miniforge3/lib/python3.10/site-packages/jupyter_core/utils/__init__.py", line 165, in wrapped
    return loop.run_until_complete(inner)
  File "/Users/yewang/miniforge3/lib/python3.10/asyncio/base_events.py", line 649, in run_until_complete
    return future.result()
  File "/Users/yewang/miniforge3/lib/python3.10/site-packages/nbclient/client.py", line 709, in async_execute
    await self.async_execute_cell(
  File "/Users/yewang/miniforge3/lib/python3.10/site-packages/nbclient/client.py", line 1062, in async_execute_cell
    await self._check_raise_for_error(cell, cell_index, exec_reply)
  File "/Users/yewang/miniforge3/lib/python3.10/site-packages/nbclient/client.py", line 918, in _check_raise_for_error
    raise CellExecutionError.from_cell_and_msg(cell, exec_reply_content)
nbclient.exceptions.CellExecutionError: An error occurred while executing the following cell:
------------------
from sklearn.metrics import accuracy_score, precision_score, recall_score, f1_score, mean_squared_error

# ç¤ºä¾‹ï¼šè¯„ä¼°åˆ†ç±»æ¨¡åž‹
model.fit(X, y)
y_pred = model.predict(X)
accuracy = accuracy_score(y, y_pred)
precision = precision_score(y, y_pred, average='weighted')
recall = recall_score(y, y_pred, average='weighted')
f1 = f1_score(y, y_pred, average='weighted')

print(f'å‡†ç¡®çŽ‡: {accuracy:.2f}')
print(f'ç²¾ç¡®çŽ‡: {precision:.2f}')
print(f'å¬å›žçŽ‡: {recall:.2f}')
print(f'F1 åˆ†æ•°: {f1:.2f}')
------------------


[0;31m---------------------------------------------------------------------------[0m
[0;31mValueError[0m                                Traceback (most recent call last)
Cell [0;32mIn[3], line 6[0m
[1;32m      4[0m model[38;5;241m.[39mfit(X, y)
[1;32m      5[0m y_pred [38;5;241m=[39m model[38;5;241m.[39mpredict(X)
[0;32m----> 6[0m accuracy [38;5;241m=[39m [43maccuracy_score[49m[43m([49m[43my[49m[43m,[49m[43m [49m[43my_pred[49m[43m)[49m
[1;32m      7[0m precision [38;5;241m=[39m precision_score(y, y_pred, average[38;5;241m=[39m[38;5;124m'[39m[38;5;124mweighted[39m[38;5;124m'[39m)
[1;32m      8[0m recall [38;5;241m=[39m recall_score(y, y_pred, average[38;5;241m=[39m[38;5;124m'[39m[38;5;124mweighted[39m[38;5;124m'[39m)

File [0;32m~/miniforge3/lib/python3.10/site-packages/sklearn/utils/_param_validation.py:213[0m, in [0;36mvalidate_params.<locals>.decorator.<locals>.wrapper[0;34m(*args, **kwargs)[0m
[1;32m    207[0m [38;5;28;01mtry[39;00m:
[1;32m    208[0m     [38;5;28;01mwith[39;00m config_context(
[1;32m    209[0m         skip_parameter_validation[38;5;241m=[39m(
[1;32m    210[0m             prefer_skip_nested_validation [38;5;129;01mor[39;00m global_skip_validation
[1;32m    211[0m         )
[1;32m    212[0m     ):
[0;32m--> 213[0m         [38;5;28;01mreturn[39;00m [43mfunc[49m[43m([49m[38;5;241;43m*[39;49m[43margs[49m[43m,[49m[43m [49m[38;5;241;43m*[39;49m[38;5;241;43m*[39;49m[43mkwargs[49m[43m)[49m
[1;32m    214[0m [38;5;28;01mexcept[39;00m InvalidParameterError [38;5;28;01mas[39;00m e:
[1;32m    215[0m     [38;5;66;03m# When the function is just a wrapper around an estimator, we allow[39;00m
[1;32m    216[0m     [38;5;66;03m# the function to delegate validation to the estimator, but we replace[39;00m
[1;32m    217[0m     [38;5;66;03m# the name of the estimator by the name of the function in the error[39;00m
[1;32m    218[0m     [38;5;66;03m# message to avoid confusion.[39;00m
[1;32m    219[0m     msg [38;5;241m=[39m re[38;5;241m.[39msub(
[1;32m    220[0m         [38;5;124mr[39m[38;5;124m"[39m[38;5;124mparameter of [39m[38;5;124m\[39m[38;5;124mw+ must be[39m[38;5;124m"[39m,
[1;32m    221[0m         [38;5;124mf[39m[38;5;124m"[39m[38;5;124mparameter of [39m[38;5;132;01m{[39;00mfunc[38;5;241m.[39m[38;5;18m__qualname__[39m[38;5;132;01m}[39;00m[38;5;124m must be[39m[38;5;124m"[39m,
[1;32m    222[0m         [38;5;28mstr[39m(e),
[1;32m    223[0m     )

File [0;32m~/miniforge3/lib/python3.10/site-packages/sklearn/metrics/_classification.py:222[0m, in [0;36maccuracy_score[0;34m(y_true, y_pred, normalize, sample_weight)[0m
[1;32m    161[0m [38;5;250m[39m[38;5;124;03m"""Accuracy classification score.[39;00m
[1;32m    162[0m 
[1;32m    163[0m [38;5;124;03mIn multilabel classification, this function computes subset accuracy:[39;00m
[0;32m   (...)[0m
[1;32m    218[0m [38;5;124;03m0.5[39;00m
[1;32m    219[0m [38;5;124;03m"""[39;00m
[1;32m    221[0m [38;5;66;03m# Compute accuracy for each possible representation[39;00m
[0;32m--> 222[0m y_type, y_true, y_pred [38;5;241m=[39m [43m_check_targets[49m[43m([49m[43my_true[49m[43m,[49m[43m [49m[43my_pred[49m[43m)[49m
[1;32m    223[0m check_consistent_length(y_true, y_pred, sample_weight)
[1;32m    224[0m [38;5;28;01mif[39;00m y_type[38;5;241m.[39mstartswith([38;5;124m"[39m[38;5;124mmultilabel[39m[38;5;124m"[39m):

File [0;32m~/miniforge3/lib/python3.10/site-packages/sklearn/metrics/_classification.py:108[0m, in [0;36m_check_targets[0;34m(y_true, y_pred)[0m
[1;32m    105[0m     y_type [38;5;241m=[39m {[38;5;124m"[39m[38;5;124mmulticlass[39m[38;5;124m"[39m}
[1;32m    107[0m [38;5;28;01mif[39;00m [38;5;28mlen[39m(y_type) [38;5;241m>[39m [38;5;241m1[39m:
[0;32m--> 108[0m     [38;5;28;01mraise[39;00m [38;5;167;01mValueError[39;00m(
[1;32m    109[0m         [38;5;124m"[39m[38;5;124mClassification metrics can[39m[38;5;124m'[39m[38;5;124mt handle a mix of [39m[38;5;132;01m{0}[39;00m[38;5;124m and [39m[38;5;132;01m{1}[39;00m[38;5;124m targets[39m[38;5;124m"[39m[38;5;241m.[39mformat(
[1;32m    110[0m             type_true, type_pred
[1;32m    111[0m         )
[1;32m    112[0m     )
[1;32m    114[0m [38;5;66;03m# We can't have more than one value on y_type => The set is no more needed[39;00m
[1;32m    115[0m y_type [38;5;241m=[39m y_type[38;5;241m.[39mpop()

[0;31mValueError[0m: Classification metrics can't handle a mix of multiclass and continuous targets

